			--- December ---

> Sun Dec 11 12:14:17 +07 2016
< Sun Dec 11 16:48:30 +07 2016
up 4 hour, 34 minutes
----------------------------------------------------
> Mon Dec 12 10:19:42 +07 2016
< Mon Dec 12 18:00:43 +07 2016
up 7 hours, 41 minutes
----------------------------------------------------
> Tue Dec 13 12:54:25 +07 2016
< Tue Dec 13 19:55:17 +07 2016
up 7 hour, 5 minutes
----------------------------------------------------
> Wed Dec 14 14:34:51 +07 2016
< Wed Dec 14 18:36:30 +07 2016
up 4 hours, 1 minutes
----------------------------------------------------
> Sat Dec 17 11:08:08 +07 2016
< Sat Dec 17 14:53:56 +07 2016
up 3 hours, 45 minutes
----------------------------------------------------
> Mon Dec 19 12:15:21 +07 2016
< Mon Dec 19 18:04:39 +07 2016
up 5 hours, 49 minutes
----------------------------------------------------
> Wed Dec 21 12:16:35 +07 2016
< Wed Dec 21 18:00:46 +07 2016
up 5 hours, 44 minutes
----------------------------------------------------
> Fri Dec 23 16:35:55 +07 2016
< Fri Dec 23 19:50:23 +07 2016
up 3 hours, 14 minutes
----------------------------------------------------
> Sat Dec 24 11:18:10 +07 2016
< Sat Dec 24 17:54:59 +07 2016
up 6 hours, 35 minutes
----------------------------------------------------
> Sun Dec 25 15:34:34 +07 2016
< Sun Dec 25 19:48:19 +07 2016
up 4 hours, 13 minutes
----------------------------------------------------
> Mon Dec 26 17:13:49 +07 2016
< Mon Dec 26 19:54:24 +07 2016
up 2 hours, 40 minutes
----------------------------------------------------
> Thu Dec 29 09:46:50 +07 2016
< Thu Dec 29 17:58:31 +07 2016
up 8 hours, 11 minutes

			--- January ---

> Mon Jan  9 08:51:30 +07 2017
< Mon Jan  9 18:06:09 +07 2017
up 9 hours, 14 minutes
----------------------------------------------------
> Tue Jan 10 08:54:20 +07 2017
< Tue Jan 10 18:04:38 +07 2017
up 9 hours, 10 minutes
----------------------------------------------------
> Thu Jan 12 14:45:26 +07 2017
< Thu Jan 12 18:04:54 +07 2017
up 3 hours, 19 minutes
----------------------------------------------------
> Fri Jan 13 08:52:40 +07 2017
< Fri Jan 13 18:03:10 +07 2017
up 9 hours, 10 minutes
----------------------------------------------------
> Mon Jan 16 12:35:05 +07 2017
< Mon Jan 16 18:05:56 +07 2017
up 5 hours, 30 minutes
----------------------------------------------------
> Wed Jan 18 14:47:23 +07 2017
< Wed Jan 18 19:50:00 +07 2017
up 5 hours, 3 minutes
----------------------------------------------------
> Thu Jan 19 15:48:46 +07 2017
< Thu Jan 19 19:52:47 +07 2017
up 4 hours, 4 minutes
----------------------------------------------------
> Fri Jan 20 08:56:09 +07 2017
< Fri Jan 20 13:32:43 +07 2017
up 4 hours, 36 minutes
----------------------------------------------------
> Tue Jan 24 08:53:35 +07 2017
< Tue Jan 24 18:04:34 +07 2017
up 9 hours, 11 minutes
----------------------------------------------------
> Wed Jan 25 08:53:56 +07 2017
< Wed Jan 25 18:04:37 +07 2017
up 9 hours, 10 minutes
----------------------------------------------------
> Thu Jan 26 08:57:20 +07 2017
< Thu Jan 26 18:05:10 +07 2017
up 9 hours, 8 minutes
----------------------------------------------------
> Fri Jan 27 08:57:27 +07 2017
< Fri Jan 27 17:59:28 +07 2017
up 9 hours, 2 minutes
----------------------------------------------------
> Mon Jan 30 09:47:00 +07 2017
< Mon Jan 30 18:04:54 +07 2017
up 8 hours, 17 minutes
----------------------------------------------------
> Tue Jan 31 10:03:03 +07 2017
< Tue Jan 31 18:01:18 +07 2017
up 7 hours, 58 minutes

			--- February ---

> Wed Feb  1 08:58:34 +07 2017
< Wed Feb  1 18:02:55 +07 2017
up 9 hours, 4 minutes
----------------------------------------------------
> Thu Feb  2 08:55:51 +07 2017
< Thu Feb  2 15:49:22 +07 2017
up 6 hours, 53 minutes
----------------------------------------------------
> Fri Feb  3 08:56:58 +07 2017
< Fri Feb  3 18:00:16 +07 2017
up 9 hours, 3 minutes
----------------------------------------------------
> Mon Feb  6 15:35:47 +07 2017
< Mon Feb  6 19:50:29 +07 2017
up 4 hours, 14 minutes
----------------------------------------------------
> Wed Feb  8 13:30:33 +07 2017
< Wed Feb  8 18:02:40 +07 2017
up 4 hours, 32 minutes
----------------------------------------------------
> Thu Feb  9 08:52:22 +07 2017
< Thu Feb  9 17:05:26 +07 2017
up 8 hours, 13 minutes
----------------------------------------------------
> Fri Feb 10 16:05:08 +07 2017
< Fri Feb 10 19:50:34 +07 2017
up 3 hours, 45 minutes
----------------------------------------------------
> Sat Feb 11 12:15:24 +07 2017
< Sat Feb 11 15:22:09 +07 2017
up 3 hours, 6 minutes
----------------------------------------------------
> Mon Feb 13 16:35:23 +07 2017
< Mon Feb 13 19:52:57 +07 2017
up 3 hours, 17 minutes
----------------------------------------------------
> Wed Feb 15 12:58:19 +07 2017
< Wed Feb 15 19:53:19 +07 2017
up 6 hours, 55 minutes
----------------------------------------------------
> Thu Feb 16 08:52:27 +07 2017
< Thu Feb 16 18:04:27 +07 2017
up 9 hours, 12 minutes
----------------------------------------------------
> Fri Feb 17 16:20:07 +07 2017
< Fri Feb 17 19:47:19 +07 2017
up 3 hours, 27 minutes
----------------------------------------------------
> Wed Feb 22 13:55:44 +07 2017
< Wed Feb 22 20:50:50 +07 2017
up 6 hours, 55 minutes
----------------------------------------------------
> Mon Feb 27 14:24:50 +07 2017
< Mon Feb 27 20:51:41 +07 2017
up 6 hours, 27 minutes


			--- March ---

> Wed Mar  1 15:44:09 +07 2017
< Wed Mar  1 20:50:22 +07 2017
up 5 hours, 6 minutes
----------------------------------------------------
> Thu Mar  2 08:51:42 +07 2017
< Thu Mar  2 16:50:55 +07 2017
up 7 hours, 59 minutes
----------------------------------------------------
> Fri Mar  3 13:52:31 +07 2017
< Fri Mar  3 20:47:49 +07 2017
up 6 hours, 55 minutes
----------------------------------------------------
> Mon Mar  6 14:38:12 +07 2017
< Mon Mar  6 20:48:57 +07 2017
up 6 hours, 10 minutes
----------------------------------------------------
> Wed Mar  8 11:25:49 +07 2017
< Wed Mar  8 17:32:46 +07 2017
up 6 hours, 7 minutes
----------------------------------------------------
> Thu Mar  9 08:52:15 +07 2017
< Thu Mar  9 17:58:56 +07 2017
up 9 hours, 6 minutes
----------------------------------------------------
> Mon Mar 13 17:54:54 +07 2017
< Mon Mar 13 20:53:09 +07 2017
up 2 hours, 58 minutes
----------------------------------------------------
> Tue Mar 14 17:53:43 +07 2017
< Tue Mar 14 20:52:53 +07 2017
up 2 hours, 59 minutes
----------------------------------------------------
> Wed Mar 15 16:16:23 +07 2017
< Wed Mar 15 20:52:12 +07 2017
up 4 hours, 36 minutes
----------------------------------------------------
> Thu Mar 16 16:31:32 +07 2017
< Thu Mar 16 20:50:34 +07 2017
up 4 hours, 19 minutes
----------------------------------------------------
> Fri Mar 17 13:54:51 +07 2017
< Fri Mar 17 20:49:20 +07 2017
up 6 hours, 54 minutes
----------------------------------------------------
> Mon Mar 20 18:06:53 +07 2017
< Mon Mar 20 20:52:45 +07 2017
up 2 hours, 46 minutes
----------------------------------------------------
> Tue Mar 21 17:41:01 +07 2017
< Tue Mar 21 20:50:34 +07 2017
up 3 hours, 9 minutes
----------------------------------------------------
> Wed Mar 22 15:42:10 +07 2017
< Wed Mar 22 20:53:13 +07 2017
up 5 hours, 11 minutes
----------------------------------------------------
> Thu Mar 23 18:21:20 +07 2017
< Thu Mar 23 20:53:15 +07 2017
up 2 hours, 32 minutes
----------------------------------------------------
> Fri Mar 24 08:54:19 +07 2017
< Fri Mar 24 12:56:53 +07 2017
up 4 hours, 2 minutes
----------------------------------------------------
> Sat Mar 25 12:46:11 +07 2017
< Sat Mar 25 16:41:18 +07 2017
up 3 hours, 55 minutes
----------------------------------------------------
> Mon Mar 27 14:36:20 +07 2017
< Mon Mar 27 19:56:55 +07 2017
up 5 hours, 20 minutes
----------------------------------------------------
> Tue Mar 28 18:05:00 +07 2017
< Tue Mar 28 20:55:38 +07 2017
up 2 hours, 50 minutes
----------------------------------------------------
> Wed Mar 29 16:03:01 +07 2017
< Wed Mar 29 20:54:17 +07 2017
up 4 hours, 51 minutes
----------------------------------------------------
> Thu Mar 30 08:51:34 +07 2017
< Thu Mar 30 18:04:13 +07 2017
up 9 hours, 12 minutes
----------------------------------------------------
> Fri Mar 31 14:45:47 +07 2017
< Fri Mar 31 18:00:24 +07 2017
up 3 hours, 14 minutes


			--- April ---

> Mon Apr  3 14:48:25 +07 2017
